2020-01-11 00:58:22,527 - __main__ - DEBUG - 41 - <module> - __main__ file STARTED running
2020-01-11 00:58:22,753 - __main__ - DEBUG - 3588 - <module> - __main__ flask app running
2020-01-11 00:58:23,971 - __main__ - DEBUG - 41 - <module> - __main__ file STARTED running
2020-01-11 00:58:24,214 - __main__ - DEBUG - 3588 - <module> - __main__ flask app running
2020-01-11 00:58:37,861 - __main__ - DEBUG - 3569 - index - stating index function.
2020-01-11 00:58:49,396 - __main__ - DEBUG - 3569 - index - stating index function.
2020-01-11 02:38:49,727 - __main__ - DEBUG - 3569 - index - stating index function.
2020-01-11 02:44:27,429 - __main__ - DEBUG - 3569 - index - stating index function.
2020-01-11 10:55:46,687 - __main__ - DEBUG - 3569 - index - stating index function.
2020-01-11 10:57:47,493 - __main__ - DEBUG - 3569 - index - stating index function.
2020-01-11 10:58:15,838 - __main__ - DEBUG - 3569 - index - stating index function.
2020-01-11 11:17:32,122 - __main__ - DEBUG - 3569 - index - stating index function.
2020-01-11 11:25:34,817 - __main__ - DEBUG - 3569 - index - stating index function.
2020-01-11 11:29:48,871 - __main__ - DEBUG - 3569 - index - stating index function.
2020-01-11 11:33:37,589 - __main__ - DEBUG - 3569 - index - stating index function.
2020-01-11 11:36:26,551 - __main__ - DEBUG - 3569 - index - stating index function.
2020-01-11 11:39:08,046 - __main__ - DEBUG - 3569 - index - stating index function.
2020-01-11 11:39:48,558 - __main__ - DEBUG - 3569 - index - stating index function.
2020-01-11 11:40:24,589 - __main__ - DEBUG - 3442 - unp_signin - starting unp_signin function
2020-01-11 11:40:41,862 - __main__ - DEBUG - 3442 - unp_signin - starting unp_signin function
2020-01-11 11:40:45,728 - __main__ - DEBUG - 3577 - ireps - stating ireps function.
2020-01-11 11:44:23,190 - __main__ - DEBUG - 3577 - ireps - stating ireps function.
2020-01-11 11:48:10,629 - __main__ - DEBUG - 3577 - ireps - stating ireps function.
2020-01-11 11:48:28,869 - __main__ - DEBUG - 3569 - index - stating index function.
2020-01-11 11:48:34,904 - __main__ - DEBUG - 3442 - unp_signin - starting unp_signin function
2020-01-11 11:48:37,710 - __main__ - DEBUG - 3442 - unp_signin - starting unp_signin function
2020-01-11 11:48:41,221 - __main__ - DEBUG - 3442 - unp_signin - starting unp_signin function
2020-01-11 11:48:47,191 - __main__ - DEBUG - 3315 - unp_email_signup - starting unp_email_signup function
2020-01-11 11:48:47,231 - __main__ - DEBUG - 3365 - unp_email_signup - GET request for unp_email_signup_form 
2020-01-11 11:48:57,730 - __main__ - DEBUG - 3442 - unp_signin - starting unp_signin function
2020-01-11 11:53:09,806 - __main__ - DEBUG - 3442 - unp_signin - starting unp_signin function
2020-01-11 12:14:04,806 - __main__ - DEBUG - 3442 - unp_signin - starting unp_signin function
2020-01-11 12:14:09,819 - __main__ - DEBUG - 3315 - unp_email_signup - starting unp_email_signup function
2020-01-11 12:14:09,820 - __main__ - DEBUG - 3365 - unp_email_signup - GET request for unp_email_signup_form 
2020-01-11 12:14:12,570 - __main__ - DEBUG - 3442 - unp_signin - starting unp_signin function
2020-01-11 12:14:34,408 - __main__ - DEBUG - 3442 - unp_signin - starting unp_signin function
2020-01-11 12:14:34,966 - __main__ - DEBUG - 3577 - ireps - stating ireps function.
